<?xml version="1.0" encoding="UTF-8"?>
<!-- Generated by org.testng.reporters.JUnitReportReporter -->
<testsuite hostname="DESKTOP-2VPR9IB" failures="0" tests="1" name="com.mystore.testcases.TC_VerifyUserLogin" time="8.186" errors="0" timestamp="2024-09-05T21:20:43 PDT" skipped="0">
  <testcase classname="com.mystore.testcases.TC_VerifyUserLogin" name="verifyUserLogin" time="8.186"/>
  <system-out/>
</testsuite> <!-- com.mystore.testcases.TC_VerifyUserLogin -->
